<?xml version="1.0" encoding="UTF-8"?>
<testng-results ignored="0" total="1" passed="1" failed="0" skipped="0">
  <reporter-output>
  </reporter-output>
  <suite started-at="2023-04-05T14:17:44 IST" name="Default suite" finished-at="2023-04-05T14:18:05 IST" duration-ms="20273">
    <groups>
    </groups>
    <test started-at="2023-04-05T14:17:44 IST" name="Default test" finished-at="2023-04-05T14:18:05 IST" duration-ms="20273">
      <class name="LoginScripts.Gmail">
        <test-method is-config="true" signature="setup()[pri:0, instance:LoginScripts.Gmail@51dcb805]" started-at="2023-04-05T14:17:44 IST" name="setup" finished-at="2023-04-05T14:17:52 IST" duration-ms="7444" status="PASS">
          <reporter-output>
          </reporter-output>
        </test-method> <!-- setup -->
        <test-method signature="testLogin()[pri:0, instance:LoginScripts.Gmail@51dcb805]" started-at="2023-04-05T14:17:52 IST" name="testLogin" finished-at="2023-04-05T14:18:04 IST" duration-ms="12156" status="PASS">
          <reporter-output>
          </reporter-output>
        </test-method> <!-- testLogin -->
        <test-method is-config="true" signature="teardown()[pri:0, instance:LoginScripts.Gmail@51dcb805]" started-at="2023-04-05T14:18:04 IST" name="teardown" finished-at="2023-04-05T14:18:05 IST" duration-ms="633" status="PASS">
          <reporter-output>
          </reporter-output>
        </test-method> <!-- teardown -->
      </class> <!-- LoginScripts.Gmail -->
    </test> <!-- Default test -->
  </suite> <!-- Default suite -->
</testng-results>
